<?xml version="1.0" encoding="UTF-8"?>
<!-- Generated by org.testng.reporters.JUnitReportReporter -->
<testsuite hostname="Computer-PC" name="com.myassignment.test.AssignmentNaveen1" tests="1" failures="0" timestamp="15 May 2019 17:00:44 GMT" time="105.430" errors="0">
  <testcase name="verifyPropertyDetails" time="105.430" classname="com.myassignment.test.AssignmentNaveen1"/>
</testsuite> <!-- com.myassignment.test.AssignmentNaveen1 -->
